<?xml version="1.0" encoding="UTF-8"?>
<!-- Generated by org.testng.reporters.JUnitReportReporter -->
<testsuite hostname="DESKTOP-IPELP4C" failures="0" tests="8" name="TestEducationalsite" time="31.335" errors="0" timestamp="2024-07-13T22:48:41 EET" skipped="0">
  <testcase classname="TestEducationalsite" name="theTestInput" time="4.478"/>
  <system-out/>
  <testcase classname="TestEducationalsite" name="theTestInput" time="5.285"/>
  <system-out/>
  <testcase classname="TestEducationalsite" name="theTestInput" time="4.774"/>
  <system-out/>
  <testcase classname="TestEducationalsite" name="theTestInput" time="5.730"/>
  <system-out/>
  <testcase classname="TestEducationalsite" name="TestRandomData" time="2.670"/>
  <system-out/>
  <testcase classname="TestEducationalsite" name="TestRandomData" time="2.716"/>
  <system-out/>
  <testcase classname="TestEducationalsite" name="TestRandomData" time="2.684"/>
  <system-out/>
  <testcase classname="TestEducationalsite" name="TestRandomData" time="2.998"/>
  <system-out/>
</testsuite> <!-- TestEducationalsite -->
